[Package Manager] Server::Start -- Port 59132 was selected

LICENSE SYSTEM [2018226 19:55:29] Next license update check is after 2018-02-27T11:25:14


 COMMAND LINE ARGUMENTS:
/Applications/Unity/Unity.app/Contents/MacOS/Unity
-batchmode
-nographics
-silent-crashes
-logFile
/Users/alt/Projects/Unity/uilatebinding/unity.log
-projectPath
/Users/alt/Projects/Unity/uilatebinding
-buildTarget
Android
/Users/alt/Projects/Unity/uilatebinding/Build/android/uilatebinding.apk
-quit
Successfully changed project path to: /Users/alt/Projects/Unity/uilatebinding
/Users/alt/Projects/Unity/uilatebinding
Loading GUID <-> Path mappings...0.000039 seconds
Loading Asset Database...0.005342 seconds
Audio: FMOD Profiler initialized on port 54900
AssetDatabase consistency checks...0.027260 seconds
Targeting platform: Android
Refreshing native plugins compatible for Editor in 3.12 ms, found 0 plugins.
Preloading 0 native plugins for Editor in 0.00 ms.
DisplayProgressbar: Unity Package Manager
[Package Manager] Resolving 4 packages:
[Package Manager]  * Package :  com.unity.ads@2.0.3
    (location: /Users/alt/Library/Unity/cache/packages/packages.unity.com/com.unity.ads@2.0.3)
[Package Manager]  * Package :  com.unity.analytics@2.0.13
    (location: /Users/alt/Library/Unity/cache/packages/packages.unity.com/com.unity.analytics@2.0.13)
[Package Manager]  * Package :  com.unity.purchasing@0.0.19
    (location: /Users/alt/Library/Unity/cache/packages/packages.unity.com/com.unity.purchasing@0.0.19)
[Package Manager]  * Package :  com.unity.standardevents@1.0.10
    (location: /Users/alt/Library/Unity/cache/packages/packages.unity.com/com.unity.standardevents@1.0.10)
[Package Manager] Resolve completed
Initialize engine version: 2017.3.1f1 (fc1d3344e6ea)
Forcing GfxDevice: Null
GfxDevice: creating device client; threaded=0
NullGfxDevice:
    Version:  NULL 1.0 [1.0]
    Renderer: Null Device
    Vendor:   Unity Technologies
Initialize mono
Mono path[0] = '/Applications/Unity/Unity.app/Contents/Managed'
Mono path[1] = '/Applications/Unity/Unity.app/Contents/Mono/lib/mono/2.0'
Mono config path = '/Applications/Unity/Unity.app/Contents/Mono/etc'
Using monoOptions --debugger-agent=transport=dt_socket,embedding=1,defer=y,address=0.0.0.0:56563
Begin MonoManager ReloadAssembly
Initializing Unity.PackageManager (PackageManager) v2017.3.1 for Unity v2017.3.1f1
Registering precompiled unity dll's ...
Register platform support module: /Applications/Unity/Unity.app/Contents/PlaybackEngines/MacStandaloneSupport/UnityEditor.OSXStandalone.Extensions.dll
Registered in 0.000340 seconds.
Refreshing native plugins compatible for Editor in 0.29 ms, found 3 plugins.
Preloading 1 native plugins for Editor in 1.58 ms.
Mono: successfully reloaded assembly
- Completed reload, in  0.568 seconds
Registering platform support modules:
Registered platform support modules in: 0,079912s.
Native extension for OSXStandalone target not found
Begin MonoManager ReloadAssembly
Registering precompiled user dll's ...
Registered in 0.010058 seconds.
Refreshing native plugins compatible for Editor in 0.28 ms, found 3 plugins.
Preloading 1 native plugins for Editor in 0.36 ms.
[Rider] 19:55:32:52 [Info] Rider plugin initialized. You may change the amount of Rider Debug output via Edit -> Preferences -> Rider -> Logging Level
UnityEngine.DebugLogHandler:Internal_Log(LogType, String, Object)
UnityEngine.DebugLogHandler:LogFormat(LogType, Object, String, Object[])
UnityEngine.Logger:Log(LogType, Object)
UnityEngine.Debug:Log(Object)
Plugins.Editor.JetBrains.RiderPlugin:Log(LoggingLevel, String) (at Assets/Plugins/Editor/JetBrains/Unity3DRider.cs:489)
Plugins.Editor.JetBrains.RiderPlugin:InitRiderPlugin() (at Assets/Plugins/Editor/JetBrains/Unity3DRider.cs:688)
Plugins.Editor.JetBrains.RiderPlugin:.cctor() (at Assets/Plugins/Editor/JetBrains/Unity3DRider.cs:673)
System.Runtime.CompilerServices.RuntimeHelpers:RunClassConstructor(IntPtr)
System.Runtime.CompilerServices.RuntimeHelpers:RunClassConstructor(RuntimeTypeHandle) (at /Users/builduser/buildslave/mono/build/mcs/class/corlib/System.Runtime.CompilerServices/RuntimeHelpers.cs:101)
UnityEditor.EditorAssemblies:ProcessEditorInitializeOnLoad(Type) (at /Users/builduser/buildslave/unity/build/Editor/Mono/EditorAssemblies.cs:136)
UnityEditor.EditorAssemblies:ProcessInitializeOnLoadAttributes() (at /Users/builduser/buildslave/unity/build/Editor/Mono/EditorAssemblies.cs:162)
 
(Filename: Assets/Plugins/Editor/JetBrains/Unity3DRider.cs Line: 489)

Mono: successfully reloaded assembly
- Completed reload, in  0.515 seconds
Initializing Unity.PackageManager (PackageManager) v2017.3.1 for Unity v2017.3.1f1
Registering platform support modules:
Registered platform support modules in: 0,048125s.
Native extension for OSXStandalone target not found
- Starting compile Library/ScriptAssemblies/Assembly-CSharp.dll
- Starting compile Library/ScriptAssemblies/Assembly-CSharp-Editor-firstpass.dll
- Finished compile Library/ScriptAssemblies/Assembly-CSharp.dll
Symbols will be read from Temp/Assembly-CSharp.dll.mdb
Script Module: Assembly-CSharp.dll
Pass: 0 took 3 milliseconds
Pass: 1 took 14 milliseconds
- Finished compile Library/ScriptAssemblies/Assembly-CSharp-Editor-firstpass.dll
- Starting compile Library/ScriptAssemblies/Assembly-CSharp-Editor.dll
- Finished compile Library/ScriptAssemblies/Assembly-CSharp-Editor.dll
Reloading assemblies after script compilation.
Begin MonoManager ReloadAssembly
Refreshing native plugins compatible for Editor in 0.29 ms, found 3 plugins.
Preloading 1 native plugins for Editor in 0.40 ms.
[Rider] 19:55:34:50 [Info] Rider plugin initialized. You may change the amount of Rider Debug output via Edit -> Preferences -> Rider -> Logging Level
UnityEngine.DebugLogHandler:Internal_Log(LogType, String, Object)
UnityEngine.DebugLogHandler:LogFormat(LogType, Object, String, Object[])
UnityEngine.Logger:Log(LogType, Object)
UnityEngine.Debug:Log(Object)
Plugins.Editor.JetBrains.RiderPlugin:Log(LoggingLevel, String) (at Assets/Plugins/Editor/JetBrains/Unity3DRider.cs:489)
Plugins.Editor.JetBrains.RiderPlugin:InitRiderPlugin() (at Assets/Plugins/Editor/JetBrains/Unity3DRider.cs:688)
Plugins.Editor.JetBrains.RiderPlugin:.cctor() (at Assets/Plugins/Editor/JetBrains/Unity3DRider.cs:673)
System.Runtime.CompilerServices.RuntimeHelpers:RunClassConstructor(IntPtr)
System.Runtime.CompilerServices.RuntimeHelpers:RunClassConstructor(RuntimeTypeHandle) (at /Users/builduser/buildslave/mono/build/mcs/class/corlib/System.Runtime.CompilerServices/RuntimeHelpers.cs:101)
UnityEditor.EditorAssemblies:ProcessEditorInitializeOnLoad(Type) (at /Users/builduser/buildslave/unity/build/Editor/Mono/EditorAssemblies.cs:136)
UnityEditor.EditorAssemblies:ProcessInitializeOnLoadAttributes() (at /Users/builduser/buildslave/unity/build/Editor/Mono/EditorAssemblies.cs:162)
 
(Filename: Assets/Plugins/Editor/JetBrains/Unity3DRider.cs Line: 489)

Mono: successfully reloaded assembly
- Completed reload, in  0.560 seconds
Initializing Unity.PackageManager (PackageManager) v2017.3.1 for Unity v2017.3.1f1
Registering platform support modules:
Registered platform support modules in: 0,042543s.
Native extension for OSXStandalone target not found
Validating Project structure ... 0.001388 seconds.
Refresh: detecting if any assets need to be imported or removed ... Refresh: elapses 0.038774 seconds
Refreshing native plugins compatible for Editor in 0.34 ms, found 3 plugins.
Preloading 1 native plugins for Editor in 0.48 ms.

----- Total AssetImport time: 0.037462s, AssetImport time: 0.000000s, Asset hashing: 0.000000s [0 B, 0.000000 mb/s]

Warming cache for 170 main assets: 0.000409 seconds elapsed
Initializing Unity extensions:
 '/Applications/Unity/Unity.app/Contents/UnityExtensions/Unity/UnityHoloLens/Editor/UnityEditor.HoloLens.dll'  GUID: 12fd8a0055b84bb59e84c9835a37e333
 '/Applications/Unity/Unity.app/Contents/UnityExtensions/Unity/Timeline/Runtime/UnityEngine.Timeline.dll'  GUID: 6a10b2909283487f913b00d94cd3faf5
 '/Applications/Unity/Unity.app/Contents/UnityExtensions/Unity/TestRunner/portable/nunit.framework.dll'  GUID: 405b9b51bb344a128608d968297df79c
 '/Applications/Unity/Unity.app/Contents/UnityExtensions/Unity/GUISystem/Standalone/UnityEngine.UI.dll'  GUID: f70555f144d8491a825f0804e09c671c
 '/Applications/Unity/Unity.app/Contents/UnityExtensions/Unity/GUISystem/UnityEngine.UI.dll'  GUID: f5f67c52d1564df4a8936ccd202a3bd8
 '/Applications/Unity/Unity.app/Contents/UnityExtensions/Unity/Timeline/RuntimeEditor/UnityEngine.Timeline.dll'  GUID: 844f815391db42d49455cbf1a7bfc434
 '/Applications/Unity/Unity.app/Contents/UnityExtensions/Unity/Networking/Standalone/UnityEngine.Networking.dll'  GUID: dc443db3e92b4983b9738c1131f555cb
 '/Applications/Unity/Unity.app/Contents/UnityExtensions/Unity/UnitySpatialTracking/Runtime/UnityEngine.SpatialTracking.dll'  GUID: ed7343f30e3843b3afda8f8b02669cea
 '/Applications/Unity/Unity.app/Contents/UnityExtensions/Unity/UnityGoogleAudioSpatializer/Editor/UnityEditor.GoogleAudioSpatializer.dll'  GUID: 4a3ecb1425d14502837abea459cf2b70
 '/Applications/Unity/Unity.app/Contents/UnityExtensions/Unity/Networking/Editor/UnityEditor.Networking.dll'  GUID: 5f32cd94baa94578a686d4b9d6b660f7
 '/Applications/Unity/Unity.app/Contents/UnityExtensions/Unity/UnityHoloLens/Runtime/UnityEngine.HoloLens.dll'  GUID: f7b54ff4a43d4fcf81b4538b678e0bcc
 '/Applications/Unity/Unity.app/Contents/UnityExtensions/Unity/UnitySpatialTracking/Editor/UnityEditor.SpatialTracking.dll'  GUID: b5da970776034f77a070d99423d68791
 '/Applications/Unity/Unity.app/Contents/UnityExtensions/Unity/TreeEditor/Editor/UnityEditor.TreeEditor.dll'  GUID: adebbd281f1a4ef3a30be7f21937e02f
 '/Applications/Unity/Unity.app/Contents/UnityExtensions/Unity/Networking/UnityEngine.Networking.dll'  GUID: 870353891bb340e2b2a9c8707e7419ba
 '/Applications/Unity/Unity.app/Contents/UnityExtensions/Unity/TestRunner/UnityEngine.TestRunner.dll'  GUID: 53ebcfaa2e1e4e2dbc85882cd5a73fa1
 '/Applications/Unity/Unity.app/Contents/UnityExtensions/Unity/UnityGoogleAudioSpatializer/RuntimeEditor/UnityEngine.GoogleAudioSpatializer.dll'  GUID: ead147da21254ff9a0a936bdd75e1680
 '/Applications/Unity/Unity.app/Contents/UnityExtensions/Unity/UnityGoogleAudioSpatializer/Runtime/UnityEngine.GoogleAudioSpatializer.dll'  GUID: e4f4cf1b9b434137a499903a7a1d651a
 '/Applications/Unity/Unity.app/Contents/UnityExtensions/Unity/UnityVR/Editor/UnityEditor.VR.dll'  GUID: 4ba2329b63d54f0187bcaa12486b1b0f
 '/Applications/Unity/Unity.app/Contents/UnityExtensions/Unity/UnityHoloLens/RuntimeEditor/UnityEngine.HoloLens.dll'  GUID: 1c6d1fbb51834b64847b1b73a75bfc77
 '/Applications/Unity/Unity.app/Contents/UnityExtensions/Unity/UnitySpatialTracking/RuntimeEditor/UnityEngine.SpatialTracking.dll'  GUID: 3a84de5cd0624681b6b6dcd8921d912a
 '/Applications/Unity/Unity.app/Contents/UnityExtensions/Unity/GUISystem/Editor/UnityEditor.UI.dll'  GUID: 80a3616ca19596e4da0f10f14d241e9f
 '/Applications/Unity/Unity.app/Contents/UnityExtensions/Unity/UIAutomation/UnityEngine.UIAutomation.dll'  GUID: c768acbc9cf24d398488bb4c93b91288
 '/Applications/Unity/Unity.app/Contents/UnityExtensions/Unity/TestRunner/Editor/UnityEditor.TestRunner.dll'  GUID: 4113173d5e95493ab8765d7b08371de4
 '/Applications/Unity/Unity.app/Contents/UnityExtensions/Unity/TestRunner/net35/unity-custom/nunit.framework.dll'  GUID: 4b3fa4bde7f1451a8218c03ee6a8ded8
 '/Applications/Unity/Unity.app/Contents/UnityExtensions/Unity/UIAutomation/Editor/UnityEditor.UIAutomation.dll'  GUID: b8a0574e92bd43a59e19d6c3c6ae54c7
 '/Applications/Unity/Unity.app/Contents/UnityExtensions/Unity/Timeline/Editor/UnityEditor.Timeline.dll'  GUID: 7668179ede524d6396c8b7d84461ea29
Unloading 105 Unused Serialized files (Serialized files now loaded: 0)
System memory in use before: 240.3 MB.
System memory in use after: 240.4 MB.

Unloading 71 unused Assets to reduce memory usage. Loaded Objects now: 663.
Total: 1.658170 ms (FindLiveObjects: 0.690456 ms CreateObjectMapping: 0.016222 ms MarkObjects: 0.847151 ms  DeleteObjects: 0.101678 ms)

Batchmode quit successfully invoked - shutting down!
Refresh: detecting if any assets need to be imported or removed ... Refresh: elapses 0.034412 seconds
Refreshing native plugins compatible for Editor in 1.67 ms, found 3 plugins.
Preloading 1 native plugins for Editor in 0.40 ms.

----- Total AssetImport time: 0.041646s, AssetImport time: 0.000000s, Asset hashing: 0.000000s [0 B, 0.000000 mb/s]

Refresh: detecting if any assets need to be imported or removed ... Refresh: elapses 0.034335 seconds
Refreshing native plugins compatible for Editor in 0.46 ms, found 3 plugins.
Preloading 1 native plugins for Editor in 0.38 ms.

----- Total AssetImport time: 0.035396s, AssetImport time: 0.000000s, Asset hashing: 0.000000s [0 B, 0.000000 mb/s]

[Package Manager] Server::Kill -- Server was shutdown
Cleanup mono
Exiting batchmode successfully now!
